<?xml version="1.0" encoding="UTF-8"?>
<!-- Generated by org.testng.reporters.JUnitXMLReporter -->
<testsuite ignored="0" hostname="Shamanth" failures="0" tests="3" name="Default test" time="1.343" errors="0" timestamp="2024-01-31T10:02:43 IST">
  <testcase classname="dadaDriven.excelDataProvider.dataProviderExcel" name="testCaseData" time="0.023"/>
  <testcase classname="dadaDriven.excelDataProvider.dataProviderExcel" name="testCaseData" time="0.002"/>
  <testcase classname="dadaDriven.excelDataProvider.dataProviderExcel" name="testCaseData" time="0.002"/>
</testsuite> <!-- Default test -->
