<?xml version="1.0" encoding="UTF-8"?>
<testng-results ignored="0" total="3" passed="3" failed="0" skipped="0">
  <reporter-output>
  </reporter-output>
  <suite started-at="2024-01-31T10:02:42 IST" name="Default suite" finished-at="2024-01-31T10:02:43 IST" duration-ms="1343">
    <groups>
    </groups>
    <test started-at="2024-01-31T10:02:42 IST" name="Default test" finished-at="2024-01-31T10:02:43 IST" duration-ms="1343">
      <class name="dadaDriven.excelDataProvider.dataProviderExcel">
        <test-method signature="testCaseData(java.lang.String,java.lang.String,java.lang.String)[pri:0, instance:dadaDriven.excelDataProvider.dataProviderExcel@4b41dd5c]" started-at="2024-01-31T10:02:43 IST" name="testCaseData" data-provider="driveTest" finished-at="2024-01-31T10:02:43 IST" duration-ms="23" status="PASS">
          <params>
            <param index="0">
              <value>
                <![CDATA[hello]]>
              </value>
            </param>
            <param index="1">
              <value>
                <![CDATA[text]]>
              </value>
            </param>
            <param index="2">
              <value>
                <![CDATA[1]]>
              </value>
            </param>
          </params>
          <reporter-output>
          </reporter-output>
        </test-method> <!-- testCaseData -->
        <test-method signature="testCaseData(java.lang.String,java.lang.String,java.lang.String)[pri:0, instance:dadaDriven.excelDataProvider.dataProviderExcel@4b41dd5c]" started-at="2024-01-31T10:02:43 IST" name="testCaseData" data-provider="driveTest" finished-at="2024-01-31T10:02:43 IST" duration-ms="2" status="PASS">
          <params>
            <param index="0">
              <value>
                <![CDATA[bye]]>
              </value>
            </param>
            <param index="1">
              <value>
                <![CDATA[message]]>
              </value>
            </param>
            <param index="2">
              <value>
                <![CDATA[143]]>
              </value>
            </param>
          </params>
          <reporter-output>
          </reporter-output>
        </test-method> <!-- testCaseData -->
        <test-method signature="testCaseData(java.lang.String,java.lang.String,java.lang.String)[pri:0, instance:dadaDriven.excelDataProvider.dataProviderExcel@4b41dd5c]" started-at="2024-01-31T10:02:43 IST" name="testCaseData" data-provider="driveTest" finished-at="2024-01-31T10:02:43 IST" duration-ms="2" status="PASS">
          <params>
            <param index="0">
              <value>
                <![CDATA[solo]]>
              </value>
            </param>
            <param index="1">
              <value>
                <![CDATA[call]]>
              </value>
            </param>
            <param index="2">
              <value>
                <![CDATA[453]]>
              </value>
            </param>
          </params>
          <reporter-output>
          </reporter-output>
        </test-method> <!-- testCaseData -->
      </class> <!-- dadaDriven.excelDataProvider.dataProviderExcel -->
    </test> <!-- Default test -->
  </suite> <!-- Default suite -->
</testng-results>
